1576492101705	geckodriver	INFO	geckodriver 0.19.1
1576492101712	geckodriver	INFO	Listening on 127.0.0.1:58264
1576492103014	mozrunner::runner	INFO	Running command: "/Applications/Firefox.app/Contents/MacOS/firefox-bin" "-marionette" "-profile" "/var/folders/4_/zqndbdln7_g2fwbb9mxqsx_00000gn/T/rust_mozprofile.bNzlrxdrGGi1"
1576492103819	Marionette	INFO	Enabled via --marionette
2019-12-16 12:28:24.641 plugin-container[65842:2403390] *** CFMessagePort: bootstrap_register(): failed 1100 (0x44c) 'Permission denied', port = 0xa02f, name = 'com.apple.tsm.portname'
See /usr/include/servers/bootstrap_defs.h for the error codes.
1576492105123	Marionette	INFO	Listening on port 58283
1576492105142	Marionette	WARN	TLS certificate errors will be ignored for this session
1576492105190	Marionette	DEBUG	Register listener.js for window 2147483649
1576492105210	Marionette	DEBUG	Received DOM event "beforeunload" for "about:blank"
1576492105750	Marionette	DEBUG	Received DOM event "pagehide" for "about:blank"
1576492105750	Marionette	DEBUG	Received DOM event "unload" for "about:blank"
1576492106548	Marionette	DEBUG	Received DOM event "DOMContentLoaded" for "https://www.python.org/"
1576492107142	Marionette	DEBUG	Received DOM event "pageshow" for "https://www.python.org/"
1576492156907	geckodriver	INFO	geckodriver 0.19.1
1576492156914	geckodriver	INFO	Listening on 127.0.0.1:58597
1576492157989	mozrunner::runner	INFO	Running command: "/Applications/Firefox.app/Contents/MacOS/firefox-bin" "-marionette" "-profile" "/var/folders/4_/zqndbdln7_g2fwbb9mxqsx_00000gn/T/rust_mozprofile.ChygpuvhuaG9"
1576492158625	Marionette	INFO	Enabled via --marionette
2019-12-16 12:29:19.590 plugin-container[65938:2409963] *** CFMessagePort: bootstrap_register(): failed 1100 (0x44c) 'Permission denied', port = 0x9f37, name = 'com.apple.tsm.portname'
See /usr/include/servers/bootstrap_defs.h for the error codes.
1576492160234	Marionette	INFO	Listening on port 58612
1576492160286	Marionette	WARN	TLS certificate errors will be ignored for this session
1576492160337	Marionette	DEBUG	Register listener.js for window 2147483649
1576492160391	Marionette	DEBUG	Received DOM event "beforeunload" for "about:blank"
1576492160920	Marionette	DEBUG	Received DOM event "pagehide" for "about:blank"
1576492160920	Marionette	DEBUG	Received DOM event "unload" for "about:blank"
1576492162294	Marionette	DEBUG	Received DOM event "DOMContentLoaded" for "https://www.python.org/"
1576492162859	Marionette	DEBUG	Received DOM event "pageshow" for "https://www.python.org/"
1576492168384	geckodriver	INFO	geckodriver 0.19.1
1576492168388	geckodriver	INFO	Listening on 127.0.0.1:58737
1576492169485	mozrunner::runner	INFO	Running command: "/Applications/Firefox.app/Contents/MacOS/firefox-bin" "-marionette" "-profile" "/var/folders/4_/zqndbdln7_g2fwbb9mxqsx_00000gn/T/rust_mozprofile.h5FWV7rlLj3x"
1576492169983	Marionette	INFO	Enabled via --marionette
2019-12-16 12:29:30.896 plugin-container[65976:2411643] *** CFMessagePort: bootstrap_register(): failed 1100 (0x44c) 'Permission denied', port = 0x9e37, name = 'com.apple.tsm.portname'
See /usr/include/servers/bootstrap_defs.h for the error codes.
1576492171624	Marionette	INFO	Listening on port 58752
1576492171704	Marionette	WARN	TLS certificate errors will be ignored for this session
1576492171766	Marionette	DEBUG	Register listener.js for window 2147483649
1576492171792	Marionette	DEBUG	Received DOM event "beforeunload" for "about:blank"
1576492172252	Marionette	DEBUG	Received DOM event "pagehide" for "about:blank"
1576492172253	Marionette	DEBUG	Received DOM event "unload" for "about:blank"
1576492173093	Marionette	DEBUG	Received DOM event "DOMContentLoaded" for "https://www.python.org/"
1576492173877	Marionette	DEBUG	Received DOM event "pageshow" for "https://www.python.org/"
1576493226224	geckodriver	INFO	geckodriver 0.19.1
1576493226232	geckodriver	INFO	Listening on 127.0.0.1:63668
1576493227434	mozrunner::runner	INFO	Running command: "/Applications/Firefox.app/Contents/MacOS/firefox-bin" "-marionette" "-profile" "/var/folders/4_/zqndbdln7_g2fwbb9mxqsx_00000gn/T/rust_mozprofile.uZjPz6MfpDmS"
1576493228724	Marionette	INFO	Enabled via --marionette
2019-12-16 12:47:11.350 plugin-container[67827:2500039] *** CFMessagePort: bootstrap_register(): failed 1100 (0x44c) 'Permission denied', port = 0x9d37, name = 'com.apple.tsm.portname'
See /usr/include/servers/bootstrap_defs.h for the error codes.
1576493232093	Marionette	INFO	Listening on port 63683
1576493232288	Marionette	WARN	TLS certificate errors will be ignored for this session
1576493232359	Marionette	DEBUG	Register listener.js for window 2147483649
1576493232457	Marionette	DEBUG	Received DOM event "beforeunload" for "about:blank"
1576493232583	Marionette	DEBUG	Received DOM event "pagehide" for "about:blank"
1576493232583	Marionette	DEBUG	Received DOM event "unload" for "about:blank"
1576493233876	Marionette	DEBUG	Received DOM event "DOMContentLoaded" for "http://lp.infopage.mobi/index.php?page=landing&id=29871&token=cd6274314204f0b7342f35ae9dfa0165"
1576493234653	Marionette	DEBUG	Received DOM event "pageshow" for "http://lp.infopage.mobi/index.php?page=landing&id=29871&token=cd6274314204f0b7342f35ae9dfa0165"
2019-12-16 12:48:22.365 plugin-container[67976:2507371] *** CFMessagePort: bootstrap_register(): failed 1100 (0x44c) 'Permission denied', port = 0x9f37, name = 'com.apple.tsm.portname'
See /usr/include/servers/bootstrap_defs.h for the error codes.
1576493308509	geckodriver	INFO	geckodriver 0.19.1
1576493308513	geckodriver	INFO	Listening on 127.0.0.1:64166
1576493309683	mozrunner::runner	INFO	Running command: "/Applications/Firefox.app/Contents/MacOS/firefox-bin" "-marionette" "-profile" "/var/folders/4_/zqndbdln7_g2fwbb9mxqsx_00000gn/T/rust_mozprofile.XduJDTBVfI95"
1576493310402	Marionette	INFO	Enabled via --marionette
2019-12-16 12:48:31.411 plugin-container[68003:2508744] *** CFMessagePort: bootstrap_register(): failed 1100 (0x44c) 'Permission denied', port = 0x9e37, name = 'com.apple.tsm.portname'
See /usr/include/servers/bootstrap_defs.h for the error codes.
1576493311836	Marionette	INFO	Listening on port 64181
1576493311907	Marionette	WARN	TLS certificate errors will be ignored for this session
1576493311957	Marionette	DEBUG	Register listener.js for window 2147483649
1576493311997	Marionette	DEBUG	Received DOM event "beforeunload" for "about:blank"
1576493312094	Marionette	DEBUG	Received DOM event "pagehide" for "about:blank"
1576493312094	Marionette	DEBUG	Received DOM event "unload" for "about:blank"
1576493312623	Marionette	DEBUG	Received DOM event "DOMContentLoaded" for "http://lp.infopage.mobi/index.php?page=landing&id=29871&token=cd6274314204f0b7342f35ae9dfa0165"
1576493313304	Marionette	DEBUG	Received DOM event "pageshow" for "http://lp.infopage.mobi/index.php?page=landing&id=29871&token=cd6274314204f0b7342f35ae9dfa0165"
1576493353843	geckodriver	INFO	geckodriver 0.19.1
1576493353847	geckodriver	INFO	Listening on 127.0.0.1:64444
1576493354932	mozrunner::runner	INFO	Running command: "/Applications/Firefox.app/Contents/MacOS/firefox-bin" "-marionette" "-profile" "/var/folders/4_/zqndbdln7_g2fwbb9mxqsx_00000gn/T/rust_mozprofile.QoE3NRprY5En"
1576493355433	Marionette	INFO	Enabled via --marionette
2019-12-16 12:49:16.220 plugin-container[68097:2512895] *** CFMessagePort: bootstrap_register(): failed 1100 (0x44c) 'Permission denied', port = 0x9e37, name = 'com.apple.tsm.portname'
See /usr/include/servers/bootstrap_defs.h for the error codes.
1576493356694	Marionette	INFO	Listening on port 64459
1576493356800	Marionette	WARN	TLS certificate errors will be ignored for this session
1576493356853	Marionette	DEBUG	Register listener.js for window 2147483649
1576493356868	Marionette	DEBUG	Received DOM event "beforeunload" for "about:blank"
1576493357040	Marionette	DEBUG	Received DOM event "pagehide" for "about:blank"
1576493357040	Marionette	DEBUG	Received DOM event "unload" for "about:blank"
1576493357460	Marionette	DEBUG	Received DOM event "DOMContentLoaded" for "http://lp.infopage.mobi/index.php?page=landing&id=29871&token=cd6274314204f0b7342f35ae9dfa0165"
1576493358088	Marionette	DEBUG	Received DOM event "pageshow" for "http://lp.infopage.mobi/index.php?page=landing&id=29871&token=cd6274314204f0b7342f35ae9dfa0165"
1576493358478	Marionette	DEBUG	Received DOM event "beforeunload" for "http://lp.infopage.mobi/index.php?page=landing&id=29871&token=cd6274314204f0b7342f35ae9dfa0165"
1576493358550	Marionette	DEBUG	Received DOM event "pagehide" for "http://lp.infopage.mobi/index.php?page=landing&id=29871&token=cd6274314204f0b7342f35ae9dfa0165"
1576493358550	Marionette	DEBUG	Received DOM event "unload" for "http://lp.infopage.mobi/index.php?page=landing&id=29871&token=cd6274314204f0b7342f35ae9dfa0165"
1576493358691	Marionette	DEBUG	Received DOM event "DOMContentLoaded" for "http://lp.infopage.mobi/index.php?page=landing.action&id=29871&token=cd6274314204f0b7342f35ae9dfa0165&elementAction=complete&force=desktop"
1576493358786	Marionette	DEBUG	Received DOM event "pageshow" for "http://lp.infopage.mobi/index.php?page=landing.action&id=29871&token=cd6274314204f0b7342f35ae9dfa0165&elementAction=complete&force=desktop"
*** UTM:SVC TimerManager:registerTimer called after profile-before-change notification. Ignoring timer registration for id: telemetry_modules_ping
*** UTM:SVC TimerManager:registerTimer called after profile-before-change notification. Ignoring timer registration for id: telemetry_modules_ping
1576497329878	geckodriver	INFO	geckodriver 0.19.1
1576497329887	geckodriver	INFO	Listening on 127.0.0.1:59813
1576497331138	mozrunner::runner	INFO	Running command: "/Applications/Firefox.app/Contents/MacOS/firefox-bin" "-marionette" "-profile" "/var/folders/4_/zqndbdln7_g2fwbb9mxqsx_00000gn/T/rust_mozprofile.HvhjOtuC7opX"
1576497333043	Marionette	INFO	Enabled via --marionette
2019-12-16 13:55:35.455 plugin-container[72225:2645688] *** CFMessagePort: bootstrap_register(): failed 1100 (0x44c) 'Permission denied', port = 0x9a2b, name = 'com.apple.tsm.portname'
See /usr/include/servers/bootstrap_defs.h for the error codes.
1576497338070	Marionette	INFO	Listening on port 59828
1576497338120	Marionette	WARN	TLS certificate errors will be ignored for this session
1576497338189	Marionette	DEBUG	Register listener.js for window 2147483649
1576497338269	Marionette	DEBUG	Received DOM event "beforeunload" for "about:blank"
1576497339098	Marionette	DEBUG	Received DOM event "pagehide" for "about:blank"
1576497339098	Marionette	DEBUG	Received DOM event "unload" for "about:blank"
1576497339898	Marionette	DEBUG	Received DOM event "DOMContentLoaded" for "http://lp.infopage.mobi/index.php?page=landing&id=29871&token=cd6274314204f0b7342f35ae9dfa0165"
1576497340753	Marionette	DEBUG	Received DOM event "pageshow" for "http://lp.infopage.mobi/index.php?page=landing&id=29871&token=cd6274314204f0b7342f35ae9dfa0165"
2019-12-16 13:56:56.448 plugin-container[72416:2654577] *** CFMessagePort: bootstrap_register(): failed 1100 (0x44c) 'Permission denied', port = 0x9e33, name = 'com.apple.tsm.portname'
See /usr/include/servers/bootstrap_defs.h for the error codes.
1576497424416	geckodriver	INFO	geckodriver 0.19.1
1576497424425	geckodriver	INFO	Listening on 127.0.0.1:60426
1576497425567	mozrunner::runner	INFO	Running command: "/Applications/Firefox.app/Contents/MacOS/firefox-bin" "-marionette" "-profile" "/var/folders/4_/zqndbdln7_g2fwbb9mxqsx_00000gn/T/rust_mozprofile.2f8zF7skuYZl"
1576497426288	Marionette	INFO	Enabled via --marionette
2019-12-16 13:57:07.362 plugin-container[72447:2656432] *** CFMessagePort: bootstrap_register(): failed 1100 (0x44c) 'Permission denied', port = 0x9e37, name = 'com.apple.tsm.portname'
See /usr/include/servers/bootstrap_defs.h for the error codes.
1576497427733	Marionette	INFO	Listening on port 60441
1576497427804	Marionette	WARN	TLS certificate errors will be ignored for this session
1576497427865	Marionette	DEBUG	Register listener.js for window 2147483649
1576497427911	Marionette	DEBUG	Received DOM event "beforeunload" for "about:blank"
1576497427996	Marionette	DEBUG	Received DOM event "pagehide" for "about:blank"
1576497427996	Marionette	DEBUG	Received DOM event "unload" for "about:blank"
1576497428476	Marionette	DEBUG	Received DOM event "DOMContentLoaded" for "http://lp.infopage.mobi/index.php?page=landing&id=29871&token=cd6274314204f0b7342f35ae9dfa0165"
1576497429073	Marionette	DEBUG	Received DOM event "pageshow" for "http://lp.infopage.mobi/index.php?page=landing&id=29871&token=cd6274314204f0b7342f35ae9dfa0165"
1576497429366	Marionette	DEBUG	Received DOM event "beforeunload" for "http://lp.infopage.mobi/index.php?page=landing&id=29871&token=cd6274314204f0b7342f35ae9dfa0165"
1576497429456	Marionette	DEBUG	Received DOM event "pagehide" for "http://lp.infopage.mobi/index.php?page=landing&id=29871&token=cd6274314204f0b7342f35ae9dfa0165"
1576497429456	Marionette	DEBUG	Received DOM event "unload" for "http://lp.infopage.mobi/index.php?page=landing&id=29871&token=cd6274314204f0b7342f35ae9dfa0165"
1576497429598	Marionette	DEBUG	Received DOM event "DOMContentLoaded" for "http://lp.infopage.mobi/index.php?page=landing.action&id=29871&token=cd6274314204f0b7342f35ae9dfa0165&elementAction=complete&force=desktop"
1576497429682	Marionette	DEBUG	Received DOM event "pageshow" for "http://lp.infopage.mobi/index.php?page=landing.action&id=29871&token=cd6274314204f0b7342f35ae9dfa0165&elementAction=complete&force=desktop"
1576497614186	geckodriver	INFO	geckodriver 0.19.1
1576497614191	geckodriver	INFO	Listening on 127.0.0.1:61361
1576497615291	mozrunner::runner	INFO	Running command: "/Applications/Firefox.app/Contents/MacOS/firefox-bin" "-marionette" "-profile" "/var/folders/4_/zqndbdln7_g2fwbb9mxqsx_00000gn/T/rust_mozprofile.ewmZXO3mnlfc"
1576497615848	Marionette	INFO	Enabled via --marionette
2019-12-16 14:00:16.776 plugin-container[72787:2671720] *** CFMessagePort: bootstrap_register(): failed 1100 (0x44c) 'Permission denied', port = 0x9e2b, name = 'com.apple.tsm.portname'
See /usr/include/servers/bootstrap_defs.h for the error codes.
1576497617265	Marionette	INFO	Listening on port 61376
1576497617317	Marionette	WARN	TLS certificate errors will be ignored for this session
1576497617367	Marionette	DEBUG	Register listener.js for window 2147483649
1576497617408	Marionette	DEBUG	Received DOM event "beforeunload" for "about:blank"
1576497617492	Marionette	DEBUG	Received DOM event "pagehide" for "about:blank"
1576497617492	Marionette	DEBUG	Received DOM event "unload" for "about:blank"
1576497617887	Marionette	DEBUG	Received DOM event "DOMContentLoaded" for "http://lp.infopage.mobi/index.php?page=landing&id=29871&token=cd6274314204f0b7342f35ae9dfa0165"
1576497618693	Marionette	DEBUG	Received DOM event "pageshow" for "http://lp.infopage.mobi/index.php?page=landing&id=29871&token=cd6274314204f0b7342f35ae9dfa0165"
1576497623857	geckodriver	INFO	geckodriver 0.19.1
1576497623861	geckodriver	INFO	Listening on 127.0.0.1:61489
1576497625026	mozrunner::runner	INFO	Running command: "/Applications/Firefox.app/Contents/MacOS/firefox-bin" "-marionette" "-profile" "/var/folders/4_/zqndbdln7_g2fwbb9mxqsx_00000gn/T/rust_mozprofile.yEsmOeLl8hjE"
1576497625522	Marionette	INFO	Enabled via --marionette
2019-12-16 14:00:26.225 plugin-container[72821:2673739] *** CFMessagePort: bootstrap_register(): failed 1100 (0x44c) 'Permission denied', port = 0x9d37, name = 'com.apple.tsm.portname'
See /usr/include/servers/bootstrap_defs.h for the error codes.
1576497626610	Marionette	INFO	Listening on port 61506
1576497626697	Marionette	WARN	TLS certificate errors will be ignored for this session
1576497626743	Marionette	DEBUG	Register listener.js for window 2147483649
1576497626760	Marionette	DEBUG	Received DOM event "beforeunload" for "about:blank"
1576497626837	Marionette	DEBUG	Received DOM event "pagehide" for "about:blank"
1576497626837	Marionette	DEBUG	Received DOM event "unload" for "about:blank"
1576497627217	Marionette	DEBUG	Received DOM event "DOMContentLoaded" for "http://lp.infopage.mobi/index.php?page=landing&id=29871&token=cd6274314204f0b7342f35ae9dfa0165"
1576497627868	Marionette	DEBUG	Received DOM event "pageshow" for "http://lp.infopage.mobi/index.php?page=landing&id=29871&token=cd6274314204f0b7342f35ae9dfa0165"
1576497628172	Marionette	DEBUG	Received DOM event "beforeunload" for "http://lp.infopage.mobi/index.php?page=landing&id=29871&token=cd6274314204f0b7342f35ae9dfa0165"
1576497628248	Marionette	DEBUG	Received DOM event "pagehide" for "http://lp.infopage.mobi/index.php?page=landing&id=29871&token=cd6274314204f0b7342f35ae9dfa0165"
1576497628248	Marionette	DEBUG	Received DOM event "unload" for "http://lp.infopage.mobi/index.php?page=landing&id=29871&token=cd6274314204f0b7342f35ae9dfa0165"
1576497628378	Marionette	DEBUG	Received DOM event "DOMContentLoaded" for "http://lp.infopage.mobi/index.php?page=landing.action&id=29871&token=cd6274314204f0b7342f35ae9dfa0165&elementAction=complete&force=desktop"
1576497628474	Marionette	DEBUG	Received DOM event "pageshow" for "http://lp.infopage.mobi/index.php?page=landing.action&id=29871&token=cd6274314204f0b7342f35ae9dfa0165&elementAction=complete&force=desktop"
[GFX1-]: Receive IPC close with reason=AbnormalShutdown
1576497646845	geckodriver	INFO	geckodriver 0.19.1
1576497646858	geckodriver	INFO	Listening on 127.0.0.1:61678
1576497647949	mozrunner::runner	INFO	Running command: "/Applications/Firefox.app/Contents/MacOS/firefox-bin" "-marionette" "-profile" "/var/folders/4_/zqndbdln7_g2fwbb9mxqsx_00000gn/T/rust_mozprofile.ooTt80WTMrp0"
1576497648549	Marionette	INFO	Enabled via --marionette
2019-12-16 14:00:49.458 plugin-container[72878:2676986] *** CFMessagePort: bootstrap_register(): failed 1100 (0x44c) 'Permission denied', port = 0xa037, name = 'com.apple.tsm.portname'
See /usr/include/servers/bootstrap_defs.h for the error codes.
1576497649860	Marionette	INFO	Listening on port 61693
1576497650043	Marionette	WARN	TLS certificate errors will be ignored for this session
1576497650107	Marionette	DEBUG	Register listener.js for window 2147483649
1576497650152	Marionette	DEBUG	Received DOM event "beforeunload" for "about:blank"
1576497650263	Marionette	DEBUG	Received DOM event "pagehide" for "about:blank"
1576497650263	Marionette	DEBUG	Received DOM event "unload" for "about:blank"
1576497651295	Marionette	DEBUG	Received DOM event "DOMContentLoaded" for "http://lp.infopage.mobi/index.php?page=landing&id=29871&token=cd6274314204f0b7342f35ae9dfa0165"
1576497651942	Marionette	DEBUG	Received DOM event "pageshow" for "http://lp.infopage.mobi/index.php?page=landing&id=29871&token=cd6274314204f0b7342f35ae9dfa0165"
1576497652299	Marionette	DEBUG	Received DOM event "beforeunload" for "http://lp.infopage.mobi/index.php?page=landing&id=29871&token=cd6274314204f0b7342f35ae9dfa0165"
1576497652392	Marionette	DEBUG	Received DOM event "pagehide" for "http://lp.infopage.mobi/index.php?page=landing&id=29871&token=cd6274314204f0b7342f35ae9dfa0165"
1576497652392	Marionette	DEBUG	Received DOM event "unload" for "http://lp.infopage.mobi/index.php?page=landing&id=29871&token=cd6274314204f0b7342f35ae9dfa0165"
1576497652551	Marionette	DEBUG	Received DOM event "DOMContentLoaded" for "http://lp.infopage.mobi/index.php?page=landing.action&id=29871&token=cd6274314204f0b7342f35ae9dfa0165&elementAction=complete&force=desktop"
1576497652652	Marionette	DEBUG	Received DOM event "pageshow" for "http://lp.infopage.mobi/index.php?page=landing.action&id=29871&token=cd6274314204f0b7342f35ae9dfa0165&elementAction=complete&force=desktop"
1576497674821	geckodriver	INFO	geckodriver 0.19.1
1576497674825	geckodriver	INFO	Listening on 127.0.0.1:61898
1576497675936	mozrunner::runner	INFO	Running command: "/Applications/Firefox.app/Contents/MacOS/firefox-bin" "-marionette" "-profile" "/var/folders/4_/zqndbdln7_g2fwbb9mxqsx_00000gn/T/rust_mozprofile.hjmDLeUNNfzO"
1576497676401	Marionette	INFO	Enabled via --marionette
2019-12-16 14:01:17.110 plugin-container[72947:2680395] *** CFMessagePort: bootstrap_register(): failed 1100 (0x44c) 'Permission denied', port = 0x9e3b, name = 'com.apple.tsm.portname'
See /usr/include/servers/bootstrap_defs.h for the error codes.
1576497677537	Marionette	INFO	Listening on port 61913
1576497677615	Marionette	WARN	TLS certificate errors will be ignored for this session
1576497677679	Marionette	DEBUG	Register listener.js for window 2147483649
1576497677719	Marionette	DEBUG	Received DOM event "beforeunload" for "about:blank"
1576497677804	Marionette	DEBUG	Received DOM event "pagehide" for "about:blank"
1576497677804	Marionette	DEBUG	Received DOM event "unload" for "about:blank"
1576497678275	Marionette	DEBUG	Received DOM event "DOMContentLoaded" for "http://lp.infopage.mobi/index.php?page=landing&id=29871&token=cd6274314204f0b7342f35ae9dfa0165"
1576497678945	Marionette	DEBUG	Received DOM event "pageshow" for "http://lp.infopage.mobi/index.php?page=landing&id=29871&token=cd6274314204f0b7342f35ae9dfa0165"
1576497679256	Marionette	DEBUG	Canceled page load listener because no navigation has been detected
1576497725334	geckodriver	INFO	geckodriver 0.19.1
1576497725340	geckodriver	INFO	Listening on 127.0.0.1:62210
1576497726523	mozrunner::runner	INFO	Running command: "/Applications/Firefox.app/Contents/MacOS/firefox-bin" "-marionette" "-profile" "/var/folders/4_/zqndbdln7_g2fwbb9mxqsx_00000gn/T/rust_mozprofile.Ao76ENOckyWw"
1576497727012	Marionette	INFO	Enabled via --marionette
2019-12-16 14:02:07.802 plugin-container[73057:2685011] *** CFMessagePort: bootstrap_register(): failed 1100 (0x44c) 'Permission denied', port = 0x9e33, name = 'com.apple.tsm.portname'
See /usr/include/servers/bootstrap_defs.h for the error codes.
1576497728285	Marionette	INFO	Listening on port 62225
1576497728378	Marionette	WARN	TLS certificate errors will be ignored for this session
1576497728423	Marionette	DEBUG	Register listener.js for window 2147483649
1576497728444	Marionette	DEBUG	Received DOM event "beforeunload" for "about:blank"
1576497728539	Marionette	DEBUG	Received DOM event "pagehide" for "about:blank"
1576497728539	Marionette	DEBUG	Received DOM event "unload" for "about:blank"
1576497728993	Marionette	DEBUG	Received DOM event "DOMContentLoaded" for "http://lp.infopage.mobi/index.php?page=landing&id=29871&token=cd6274314204f0b7342f35ae9dfa0165"
1576497729646	Marionette	DEBUG	Received DOM event "pageshow" for "http://lp.infopage.mobi/index.php?page=landing&id=29871&token=cd6274314204f0b7342f35ae9dfa0165"
1576497730036	Marionette	DEBUG	Received DOM event "beforeunload" for "http://lp.infopage.mobi/index.php?page=landing&id=29871&token=cd6274314204f0b7342f35ae9dfa0165"
1576497730112	Marionette	DEBUG	Received DOM event "pagehide" for "http://lp.infopage.mobi/index.php?page=landing&id=29871&token=cd6274314204f0b7342f35ae9dfa0165"
1576497730112	Marionette	DEBUG	Received DOM event "unload" for "http://lp.infopage.mobi/index.php?page=landing&id=29871&token=cd6274314204f0b7342f35ae9dfa0165"
1576497730289	Marionette	DEBUG	Received DOM event "DOMContentLoaded" for "http://lp.infopage.mobi/index.php?page=landing.action&id=29871&token=cd6274314204f0b7342f35ae9dfa0165&elementAction=complete&force=desktop"
1576497730385	Marionette	DEBUG	Received DOM event "pageshow" for "http://lp.infopage.mobi/index.php?page=landing.action&id=29871&token=cd6274314204f0b7342f35ae9dfa0165&elementAction=complete&force=desktop"
2019-12-16 14:14:05.562 plugin-container[74223:2731226] *** CFMessagePort: bootstrap_register(): failed 1100 (0x44c) 'Permission denied', port = 0x9e33, name = 'com.apple.tsm.portname'
See /usr/include/servers/bootstrap_defs.h for the error codes.
1576498643610	geckodriver	INFO	geckodriver 0.19.1
1576498643622	geckodriver	INFO	Listening on 127.0.0.1:50019
1576498644724	mozrunner::runner	INFO	Running command: "/Applications/Firefox.app/Contents/MacOS/firefox-bin" "-marionette" "-profile" "/var/folders/4_/zqndbdln7_g2fwbb9mxqsx_00000gn/T/rust_mozprofile.o5DFUiXCwksW"
1576498645908	Marionette	INFO	Enabled via --marionette
2019-12-16 14:17:27.461 plugin-container[74715:2752861] *** CFMessagePort: bootstrap_register(): failed 1100 (0x44c) 'Permission denied', port = 0xa037, name = 'com.apple.tsm.portname'
See /usr/include/servers/bootstrap_defs.h for the error codes.
1576498649028	Marionette	INFO	Listening on port 50034
1576498649213	Marionette	WARN	TLS certificate errors will be ignored for this session
1576498649296	Marionette	DEBUG	Register listener.js for window 2147483649
1576498649349	Marionette	DEBUG	Received DOM event "beforeunload" for "about:blank"
1576498649495	Marionette	DEBUG	Received DOM event "pagehide" for "about:blank"
1576498649496	Marionette	DEBUG	Received DOM event "unload" for "about:blank"
1576498650772	Marionette	DEBUG	Received DOM event "DOMContentLoaded" for "http://lp.infopage.mobi/index.php?page=landing&id=29871&token=cd6274314204f0b7342f35ae9dfa0165"
1576498651788	Marionette	DEBUG	Received DOM event "pageshow" for "http://lp.infopage.mobi/index.php?page=landing&id=29871&token=cd6274314204f0b7342f35ae9dfa0165"
1576498782721	geckodriver	INFO	geckodriver 0.19.1
1576498782735	geckodriver	INFO	Listening on 127.0.0.1:50772
1576498783922	mozrunner::runner	INFO	Running command: "/Applications/Firefox.app/Contents/MacOS/firefox-bin" "-marionette" "-profile" "/var/folders/4_/zqndbdln7_g2fwbb9mxqsx_00000gn/T/rust_mozprofile.6qs5OmxznbvT"
1576498784781	Marionette	INFO	Enabled via --marionette
2019-12-16 14:19:46.164 plugin-container[75026:2765332] *** CFMessagePort: bootstrap_register(): failed 1100 (0x44c) 'Permission denied', port = 0x9f2f, name = 'com.apple.tsm.portname'
See /usr/include/servers/bootstrap_defs.h for the error codes.
1576498786867	Marionette	INFO	Listening on port 50788
1576498786974	Marionette	WARN	TLS certificate errors will be ignored for this session
1576498787055	Marionette	DEBUG	Register listener.js for window 2147483649
1576498787150	Marionette	DEBUG	Received DOM event "beforeunload" for "about:blank"
1576498787283	Marionette	DEBUG	Received DOM event "pagehide" for "about:blank"
1576498787284	Marionette	DEBUG	Received DOM event "unload" for "about:blank"
1576498787868	Marionette	DEBUG	Received DOM event "DOMContentLoaded" for "http://lp.infopage.mobi/index.php?page=landing&id=29871&token=cd6274314204f0b7342f35ae9dfa0165"
1576498788590	Marionette	DEBUG	Received DOM event "pageshow" for "http://lp.infopage.mobi/index.php?page=landing&id=29871&token=cd6274314204f0b7342f35ae9dfa0165"
*** UTM:SVC TimerManager:registerTimer called after profile-before-change notification. Ignoring timer registration for id: telemetry_modules_ping
1576498831544	geckodriver	INFO	geckodriver 0.19.1
1576498831551	geckodriver	INFO	Listening on 127.0.0.1:51089
1576498834512	mozrunner::runner	INFO	Running command: "/Applications/Firefox.app/Contents/MacOS/firefox-bin" "-marionette" "-profile" "/var/folders/4_/zqndbdln7_g2fwbb9mxqsx_00000gn/T/rust_mozprofile.gBJB1xSC8fVX"
1576498835835	Marionette	INFO	Enabled via --marionette
2019-12-16 14:20:38.006 plugin-container[75173:2770511] *** CFMessagePort: bootstrap_register(): failed 1100 (0x44c) 'Permission denied', port = 0x9f33, name = 'com.apple.tsm.portname'
See /usr/include/servers/bootstrap_defs.h for the error codes.
1576498839399	Marionette	INFO	Listening on port 51112
1576498839515	Marionette	WARN	TLS certificate errors will be ignored for this session
1576498839578	Marionette	DEBUG	Register listener.js for window 2147483649
1576498839631	Marionette	DEBUG	Received DOM event "beforeunload" for "about:blank"
1576498839715	Marionette	DEBUG	Received DOM event "pagehide" for "about:blank"
1576498839716	Marionette	DEBUG	Received DOM event "unload" for "about:blank"
1576498840214	Marionette	DEBUG	Received DOM event "DOMContentLoaded" for "http://lp.infopage.mobi/index.php?page=landing&id=29871&token=cd6274314204f0b7342f35ae9dfa0165"
1576498840956	Marionette	DEBUG	Received DOM event "pageshow" for "http://lp.infopage.mobi/index.php?page=landing&id=29871&token=cd6274314204f0b7342f35ae9dfa0165"
1576499076410	geckodriver	INFO	geckodriver 0.19.1
1576499076414	geckodriver	INFO	Listening on 127.0.0.1:52338
1576499077596	mozrunner::runner	INFO	Running command: "/Applications/Firefox.app/Contents/MacOS/firefox-bin" "-marionette" "-profile" "/var/folders/4_/zqndbdln7_g2fwbb9mxqsx_00000gn/T/rust_mozprofile.TpJ5OO311g9q"
1576499078662	Marionette	INFO	Enabled via --marionette
2019-12-16 14:24:39.586 plugin-container[75649:2780845] *** CFMessagePort: bootstrap_register(): failed 1100 (0x44c) 'Permission denied', port = 0x9f33, name = 'com.apple.tsm.portname'
See /usr/include/servers/bootstrap_defs.h for the error codes.
1576499080073	Marionette	INFO	Listening on port 52353
1576499080122	Marionette	WARN	TLS certificate errors will be ignored for this session
1576499080180	Marionette	DEBUG	Register listener.js for window 2147483649
1576499080243	Marionette	DEBUG	Received DOM event "beforeunload" for "about:blank"
1576499080425	Marionette	DEBUG	Received DOM event "pagehide" for "about:blank"
1576499080426	Marionette	DEBUG	Received DOM event "unload" for "about:blank"
1576499080899	Marionette	DEBUG	Received DOM event "DOMContentLoaded" for "http://lp.infopage.mobi/index.php?page=landing&id=29871&token=cd6274314204f0b7342f35ae9dfa0165"
1576499081604	Marionette	DEBUG	Received DOM event "pageshow" for "http://lp.infopage.mobi/index.php?page=landing&id=29871&token=cd6274314204f0b7342f35ae9dfa0165"
1576499081979	Marionette	DEBUG	Canceled page load listener because no navigation has been detected
